
**** Build of configuration Nios II for project Task5 ****

make all 
Info: Building ../Task5_bsp/
make --no-print-directory -C ../Task5_bsp/
[BSP build complete]
Info: Compiling hello_world.c to obj/default/hello_world.o
nios2-elf-gcc -xc -MP -MMD -c -I../Task5_bsp//HAL/inc -I../Task5_bsp/ -I../Task5_bsp//drivers/inc  -DSYSTEM_BUS_WIDTH=32 -pipe -D__hal__ -DALT_NO_INSTRUCTION_EMULATION -DALT_SINGLE_THREADED    -O0 -g -Wall   -EL -mno-hw-div -mhw-mul -mno-hw-mulx  -o obj/default/hello_world.o hello_world.c
Info: Linking Task5.elf
nios2-elf-g++  -T'../Task5_bsp//linker.x' -msys-crt0='../Task5_bsp//obj/HAL/src/crt0.o' -msys-lib=hal_bsp -L../Task5_bsp/   -Wl,-Map=Task5.map   -O0 -g -Wall   -EL -mno-hw-div -mhw-mul -mno-hw-mulx  -o Task5.elf obj/default/hello_world.o -lm 
nios2-elf-insert Task5.elf --thread_model hal --cpu_name cpu --qsys true --simulation_enabled false --id 0 --sidp 0x1001030 --timestamp 1518032240 --stderr_dev jtag_uart --stdin_dev jtag_uart --stdout_dev jtag_uart --sopc_system_name first_nios2_system --quartus_project_dir "H:/Year_3/DSD/system_template_de0" --jdi H:/Year_3/DSD/system_template_de0/hello_world.jdi --sopcinfo H:/Year_3/DSD/system_template_de0/first_nios2_system.sopcinfo
Info: (Task5.elf) 72 KBytes program size (code + initialized data).
Info:             8113 KBytes free for stack + heap.
Info: Creating Task5.objdump
nios2-elf-objdump --disassemble --syms --all-header --source Task5.elf >Task5.objdump
[Task5 build complete]

**** Build Finished ****

**** Build of configuration Nios II for project Task5 ****

make all 
Info: Building ../Task5_bsp/
make --no-print-directory -C ../Task5_bsp/
[BSP build complete]
[Task5 build complete]

**** Build Finished ****

**** Build of configuration Nios II for project Task5 ****

make all 
Info: Building ../Task5_bsp/
make --no-print-directory -C ../Task5_bsp/
[BSP build complete]
Info: Compiling hello_world.c to obj/default/hello_world.o
nios2-elf-gcc -xc -MP -MMD -c -I../Task5_bsp//HAL/inc -I../Task5_bsp/ -I../Task5_bsp//drivers/inc  -DSYSTEM_BUS_WIDTH=32 -pipe -D__hal__ -DALT_NO_INSTRUCTION_EMULATION -DALT_SINGLE_THREADED    -O0 -g -Wall   -EL -mno-hw-div -mhw-mul -mno-hw-mulx  -o obj/default/hello_world.o hello_world.c
Info: Linking Task5.elf
nios2-elf-g++  -T'../Task5_bsp//linker.x' -msys-crt0='../Task5_bsp//obj/HAL/src/crt0.o' -msys-lib=hal_bsp -L../Task5_bsp/   -Wl,-Map=Task5.map   -O0 -g -Wall   -EL -mno-hw-div -mhw-mul -mno-hw-mulx  -o Task5.elf obj/default/hello_world.o -lm 
nios2-elf-insert Task5.elf --thread_model hal --cpu_name cpu --qsys true --simulation_enabled false --id 0 --sidp 0x1001030 --timestamp 1518032240 --stderr_dev jtag_uart --stdin_dev jtag_uart --stdout_dev jtag_uart --sopc_system_name first_nios2_system --quartus_project_dir "H:/Year_3/DSD/system_template_de0" --jdi H:/Year_3/DSD/system_template_de0/hello_world.jdi --sopcinfo H:/Year_3/DSD/system_template_de0/first_nios2_system.sopcinfo
Info: (Task5.elf) 71 KBytes program size (code + initialized data).
Info:             8113 KBytes free for stack + heap.
Info: Creating Task5.objdump
nios2-elf-objdump --disassemble --syms --all-header --source Task5.elf >Task5.objdump
[Task5 build complete]

**** Build Finished ****

**** Build of configuration Nios II for project Task5_bsp ****

make all 
[BSP build complete]

**** Build Finished ****

**** Build of configuration Nios II for project Task5 ****

make all 
Info: Building ../Task5_bsp/
make --no-print-directory -C ../Task5_bsp/
[BSP build complete]
[Task5 build complete]

**** Build Finished ****

**** Build of configuration Nios II for project Task5 ****

make all 
Info: Building ../Task5_bsp/
make --no-print-directory -C ../Task5_bsp/
[BSP build complete]
[Task5 build complete]

**** Build Finished ****

**** Build of configuration Nios II for project Task5 ****

make all 
Info: Building ../Task5_bsp/
make --no-print-directory -C ../Task5_bsp/
[BSP build complete]
Info: Compiling hello_world.c to obj/default/hello_world.o
nios2-elf-gcc -xc -MP -MMD -c -I../Task5_bsp//HAL/inc -I../Task5_bsp/ -I../Task5_bsp//drivers/inc  -DSYSTEM_BUS_WIDTH=32 -pipe -D__hal__ -DALT_NO_INSTRUCTION_EMULATION -DALT_SINGLE_THREADED    -O0 -g -Wall   -EL -mno-hw-div -mhw-mul -mno-hw-mulx  -o obj/default/hello_world.o hello_world.c
Info: Linking Task5.elf
nios2-elf-g++  -T'../Task5_bsp//linker.x' -msys-crt0='../Task5_bsp//obj/HAL/src/crt0.o' -msys-lib=hal_bsp -L../Task5_bsp/   -Wl,-Map=Task5.map   -O0 -g -Wall   -EL -mno-hw-div -mhw-mul -mno-hw-mulx  -o Task5.elf obj/default/hello_world.o -lm 
nios2-elf-insert Task5.elf --thread_model hal --cpu_name cpu --qsys true --simulation_enabled false --id 0 --sidp 0x1001030 --timestamp 1518032240 --stderr_dev jtag_uart --stdin_dev jtag_uart --stdout_dev jtag_uart --sopc_system_name first_nios2_system --quartus_project_dir "H:/Year_3/DSD/system_template_de0" --jdi H:/Year_3/DSD/system_template_de0/hello_world.jdi --sopcinfo H:/Year_3/DSD/system_template_de0/first_nios2_system.sopcinfo
Info: (Task5.elf) 71 KBytes program size (code + initialized data).
Info:             8113 KBytes free for stack + heap.
Info: Creating Task5.objdump
nios2-elf-objdump --disassemble --syms --all-header --source Task5.elf >Task5.objdump
[Task5 build complete]

**** Build Finished ****

**** Build of configuration Nios II for project Task5_bsp ****

make all 
[BSP build complete]

**** Build Finished ****

**** Build of configuration Nios II for project Task5 ****

make all 
Info: Building ../Task5_bsp/
make --no-print-directory -C ../Task5_bsp/
[BSP build complete]
[Task5 build complete]

**** Build Finished ****

**** Build of configuration Nios II for project Task5 ****

make all 
Info: Building ../Task5_bsp/
make --no-print-directory -C ../Task5_bsp/
[BSP build complete]
[Task5 build complete]

**** Build Finished ****
