
**** Build of configuration Nios II for project task4v2 ****

make all 
Info: Building ../task4v2_bsp/
make --no-print-directory -C ../task4v2_bsp/
[BSP build complete]
Info: Compiling hello_world.c to obj/default/hello_world.o
nios2-elf-gcc -xc -MP -MMD -c -I../task4v2_bsp//HAL/inc -I../task4v2_bsp/ -I../task4v2_bsp//drivers/inc  -DSYSTEM_BUS_WIDTH=32 -pipe -D__hal__ -DALT_NO_INSTRUCTION_EMULATION -DALT_SINGLE_THREADED    -O0 -g -Wall   -EL -mno-hw-div -mno-hw-mul -mno-hw-mulx  -o obj/default/hello_world.o hello_world.c
Info: Linking task4v2.elf
nios2-elf-g++  -T'../task4v2_bsp//linker.x' -msys-crt0='../task4v2_bsp//obj/HAL/src/crt0.o' -msys-lib=hal_bsp -L../task4v2_bsp/   -Wl,-Map=task4v2.map   -O0 -g -Wall   -EL -mno-hw-div -mno-hw-mul -mno-hw-mulx  -o task4v2.elf obj/default/hello_world.o -lm 
nios2-elf-insert task4v2.elf --thread_model hal --cpu_name cpu --qsys true --simulation_enabled false --id 0 --sidp 0x1011030 --timestamp 1517327281 --stderr_dev jtag_uart --stdin_dev jtag_uart --stdout_dev jtag_uart --sopc_system_name first_nios2_system --quartus_project_dir "H:/Year_3/DSD/system_template_de0" --jdi H:/Year_3/DSD/system_template_de0/hello_world.jdi --sopcinfo H:/Year_3/DSD/system_template_de0/first_nios2_system.sopcinfo
Info: (task4v2.elf) 73 KBytes program size (code + initialized data).
Info:               8112 KBytes free for stack + heap.
Info: Creating task4v2.objdump
nios2-elf-objdump --disassemble --syms --all-header --source task4v2.elf >task4v2.objdump
[task4v2 build complete]

**** Build Finished ****

**** Build of configuration Nios II for project task4v2 ****

make all 
Info: Building ../task4v2_bsp/
make --no-print-directory -C ../task4v2_bsp/
[BSP build complete]
[task4v2 build complete]

**** Build Finished ****

**** Build of configuration Nios II for project task4v2 ****

make all 
Info: Building ../task4v2_bsp/
make --no-print-directory -C ../task4v2_bsp/
[BSP build complete]
[task4v2 build complete]

**** Build Finished ****

**** Build of configuration Nios II for project task4v2 ****

make all 
Info: Building ../task4v2_bsp/
make --no-print-directory -C ../task4v2_bsp/
[BSP build complete]
Info: Compiling hello_world.c to obj/default/hello_world.o
nios2-elf-gcc -xc -MP -MMD -c -I../task4v2_bsp//HAL/inc -I../task4v2_bsp/ -I../task4v2_bsp//drivers/inc  -DSYSTEM_BUS_WIDTH=32 -pipe -D__hal__ -DALT_NO_INSTRUCTION_EMULATION -DALT_SINGLE_THREADED    -O0 -g -Wall   -EL -mno-hw-div -mno-hw-mul -mno-hw-mulx  -o obj/default/hello_world.o hello_world.c
Info: Linking task4v2.elf
nios2-elf-g++  -T'../task4v2_bsp//linker.x' -msys-crt0='../task4v2_bsp//obj/HAL/src/crt0.o' -msys-lib=hal_bsp -L../task4v2_bsp/   -Wl,-Map=task4v2.map   -O0 -g -Wall   -EL -mno-hw-div -mno-hw-mul -mno-hw-mulx  -o task4v2.elf obj/default/hello_world.o -lm 
nios2-elf-insert task4v2.elf --thread_model hal --cpu_name cpu --qsys true --simulation_enabled false --id 0 --sidp 0x1011030 --timestamp 1517327281 --stderr_dev jtag_uart --stdin_dev jtag_uart --stdout_dev jtag_uart --sopc_system_name first_nios2_system --quartus_project_dir "H:/Year_3/DSD/system_template_de0" --jdi H:/Year_3/DSD/system_template_de0/hello_world.jdi --sopcinfo H:/Year_3/DSD/system_template_de0/first_nios2_system.sopcinfo
Info: (task4v2.elf) 72 KBytes program size (code + initialized data).
Info:               8112 KBytes free for stack + heap.
Info: Creating task4v2.objdump
nios2-elf-objdump --disassemble --syms --all-header --source task4v2.elf >task4v2.objdump
[task4v2 build complete]

**** Build Finished ****

**** Build of configuration Nios II for project task4v2_bsp ****

make all 
[BSP build complete]

**** Build Finished ****

**** Build of configuration Nios II for project task4v2 ****

make all 
Info: Building ../task4v2_bsp/
make --no-print-directory -C ../task4v2_bsp/
[BSP build complete]
[task4v2 build complete]

**** Build Finished ****

**** Build of configuration Nios II for project task4v2 ****

make all 
Info: Building ../task4v2_bsp/
make --no-print-directory -C ../task4v2_bsp/
[BSP build complete]
[task4v2 build complete]

**** Build Finished ****

**** Build of configuration Nios II for project task4v2 ****

make all 
Info: Building ../task4v2_bsp/
make --no-print-directory -C ../task4v2_bsp/
[BSP build complete]
Info: Compiling hello_world.c to obj/default/hello_world.o
nios2-elf-gcc -xc -MP -MMD -c -I../task4v2_bsp//HAL/inc -I../task4v2_bsp/ -I../task4v2_bsp//drivers/inc  -DSYSTEM_BUS_WIDTH=32 -pipe -D__hal__ -DALT_NO_INSTRUCTION_EMULATION -DALT_SINGLE_THREADED    -O0 -g -Wall   -EL -mno-hw-div -mno-hw-mul -mno-hw-mulx  -o obj/default/hello_world.o hello_world.c
Info: Linking task4v2.elf
nios2-elf-g++  -T'../task4v2_bsp//linker.x' -msys-crt0='../task4v2_bsp//obj/HAL/src/crt0.o' -msys-lib=hal_bsp -L../task4v2_bsp/   -Wl,-Map=task4v2.map   -O0 -g -Wall   -EL -mno-hw-div -mno-hw-mul -mno-hw-mulx  -o task4v2.elf obj/default/hello_world.o -lm 
nios2-elf-insert task4v2.elf --thread_model hal --cpu_name cpu --qsys true --simulation_enabled false --id 0 --sidp 0x1011030 --timestamp 1517327281 --stderr_dev jtag_uart --stdin_dev jtag_uart --stdout_dev jtag_uart --sopc_system_name first_nios2_system --quartus_project_dir "H:/Year_3/DSD/system_template_de0" --jdi H:/Year_3/DSD/system_template_de0/hello_world.jdi --sopcinfo H:/Year_3/DSD/system_template_de0/first_nios2_system.sopcinfo
Info: (task4v2.elf) 72 KBytes program size (code + initialized data).
Info:               8112 KBytes free for stack + heap.
Info: Creating task4v2.objdump
nios2-elf-objdump --disassemble --syms --all-header --source task4v2.elf >task4v2.objdump
[task4v2 build complete]

**** Build Finished ****

**** Build of configuration Nios II for project task4v2_bsp ****

make all 
[BSP build complete]

**** Build Finished ****

**** Build of configuration Nios II for project task4v2 ****

make all 
Info: Building ../task4v2_bsp/
make --no-print-directory -C ../task4v2_bsp/
[BSP build complete]
[task4v2 build complete]

**** Build Finished ****

**** Build of configuration Nios II for project task4v2 ****

make all 
Info: Building ../task4v2_bsp/
make --no-print-directory -C ../task4v2_bsp/
[BSP build complete]
[task4v2 build complete]

**** Build Finished ****
